<?xml version="1.0" encoding="UTF-8" ?>
<testsuites>
<testsuite name="Broker" errors="0" tests="10" failures="0" time="0.006" timestamp="2014-11-14T10:26:14">
  <testcase classname="Broker" name="should be an Object" time="0.003"></testcase>
  <testcase classname="Broker" name="should have defined countOfMsg and portionOfMsg (custom or default)" time="0"></testcase>
  <testcase classname="Broker" name="should have countOfMsg = 10 and portionOfMsg = 2 by default" time="0"></testcase>
  <testcase classname="Broker" name="should have integer countOfMsg and portionOfMsg " time="0"></testcase>
  <testcase classname="Broker" name="should have arrOfMsg[] of &amp;apos;countOfMsg&amp;apos; elements" time="0"></testcase>
  <testcase classname="Broker" name="checkTypeOfMsg() may be called with &amp;apos;start&amp;apos;, &amp;apos;stop&amp;apos; or () for both. Else -&amp;gt; catch an ERROR" time="0.001"></testcase>
  <testcase classname="Broker" name="makeMsg() may be called with string args &amp;apos;stop&amp;apos; or &amp;apos;start&amp;apos;.  Else -&amp;gt; catch an ERROR" time="0"></testcase>
  <testcase classname="Broker" name="makeMsg() should return an Array like [&amp;apos;&amp;lt;string&amp;gt;&amp;apos;, {&amp;lt;object&amp;gt;}]" time="0"></testcase>
  <testcase classname="Broker" name="makeMsg() should return correct Array" time="0"></testcase>
  <testcase classname="Broker" name="sendMsg.interval should be called with function" time="0"></testcase>
</testsuite>
</testsuites>